********************************************************************************
DUPLICATOR-LITE PACKAGE-LOG: September 27, 2022 12:34 pm
NOTICE: Do NOT post to public sites or forums 
********************************************************************************
VERSION:	1.5.0
WORDPRESS:	6.0.2
PHP INFO:	7.4.29 | SAPI: apache2handler
SERVER:		Apache/2.4.53 (Win64) OpenSSL/1.1.1n PHP/7.4.29 
PHP TIME LIMIT: (0) no time limit imposed 
PHP MAX MEMORY: 4294967296 (512M default) 
MEMORY STACK: 6MB

********************************************************************************
DATABASE:
********************************************************************************
BUILD MODE:   MYSQLDUMP
MYSQLTIMEOUT: 5000
MYSQLDUMP:    Is Supported
SQL CREATED: 20220927_wp_project2_839b8625c5d349b99141_20220927123344_database.sql
SQL FILE SIZE: 1.29MB (1353537)
SQL FILE TIME: 2022-09-27 12:34:47
SQL RUNTIME: 2.79 sec.

********************************************************************************
ARCHIVE (ZIP):
********************************************************************************
ARCHIVE DIR:  E:/xampp/htdocs/anamul/wdpf51_WP/wp_project2
ARCHIVE FILE: 20220927_wp_project2_839b8625c5d349b99141_20220927123344_archive.zip
FILTERS: *OFF*
DIRS:
	not set
FILES:
	not set
EXTS:  not set
----------------------------------------
COMPRESSING
SIZE:	93.83MB
STATS:	Dirs 827 | Files 4,474
SQL ADDED: 20220927_wp_project2_839b8625c5d349b99141_20220927123344_database.sql
ZipArchive Object
(
    [status] => 0
    [statusSys] => 0
    [numFiles] => 5301
    [filename] => E:\xampp\htdocs\anamul\wdpf51_WP\wp_project2\wp-content\backups-dup-lite\tmp\20220927_wp_project2_839b8625c5d349b99141_20220927123344_archive.zip
    [comment] => 
)

FILE ADDED TO ZIP: 5300
COMPRESSION RESULT: '1'
COMPRESSED SIZE: 32.64MB
ARCHIVE RUNTIME: 69.01 sec.
MEMORY STACK: 8MB
building installer
ARCHIVE CONSISTENCY TEST: PASS

********************************************************************************
INTEGRITY CHECKS:
********************************************************************************
SQL FILE: 1.29MB
INSTALLER FILE: 73.36KB
ARCHIVE FILE: 34.47MB 
EXPECTED FILE/DIRECTORY COUNT: 5,301
ACTUAL FILE/DIRECTORY COUNT: 5,300
ARCHIVE CONSISTENCY TEST: Pass

********************************************************************************
RECORD ID:[1]
TOTAL PROCESS RUNTIME: 73.11 sec.
PEAK PHP MEMORY USED: 8MB
DONE PROCESSING => 20220927_wp_project2 September 27, 2022 12:35 pm

